2024-08-30 15:42:55,863 - INFO - 推理图片: 911004002058_20240109.jpg
2024-08-30 15:42:55,865 - INFO - 读取图片 911004002058_20240109.jpg 时间：0.002577066421508789秒
2024-08-30 15:42:57,046 - INFO - YOLOv8检测时间：1.1806776523590088秒
2024-08-30 15:42:57,046 - INFO - 类别: 0.0, 置信度: 0.9605154395103455
2024-08-30 15:42:57,046 - INFO - 类别: 2.0, 置信度: 0.9579747915267944
2024-08-30 15:42:57,046 - INFO - 类别: 0.0, 置信度: 0.956875205039978
2024-08-30 15:42:57,046 - INFO - 类别: 0.0, 置信度: 0.9497069716453552
2024-08-30 15:42:57,046 - INFO - 类别: 14.0, 置信度: 0.944234311580658
2024-08-30 15:42:57,047 - INFO - 最终的水表读数: 00107
2024-08-30 15:44:10,228 - INFO - 推理图片: 911004002058_20240114.jpg
2024-08-30 15:44:10,229 - INFO - 读取图片 911004002058_20240114.jpg 时间：0.0013453960418701172秒
2024-08-30 15:44:11,040 - INFO - YOLOv8检测时间：0.8109567165374756秒
2024-08-30 15:44:11,040 - INFO - 类别: 0.0, 置信度: 0.9606502056121826
2024-08-30 15:44:11,040 - INFO - 类别: 17.0, 置信度: 0.9582444429397583
2024-08-30 15:44:11,040 - INFO - 类别: 2.0, 置信度: 0.95790696144104
2024-08-30 15:44:11,040 - INFO - 类别: 0.0, 置信度: 0.9567027688026428
2024-08-30 15:44:11,040 - INFO - 类别: 0.0, 置信度: 0.9514126181602478
2024-08-30 15:45:05,431 - INFO - 推理图片: 911004002058_20240114.jpg
2024-08-30 15:45:05,433 - INFO - 读取图片 911004002058_20240114.jpg 时间：0.0014748573303222656秒
2024-08-30 15:45:06,253 - INFO - YOLOv8检测时间：0.8206346035003662秒
2024-08-30 15:45:06,253 - INFO - 类别: 0.0, 置信度: 0.9606502056121826
2024-08-30 15:45:06,253 - INFO - 类别: 17.0, 置信度: 0.9582444429397583
2024-08-30 15:45:06,253 - INFO - 类别: 2.0, 置信度: 0.95790696144104
2024-08-30 15:45:06,253 - INFO - 类别: 0.0, 置信度: 0.9567027688026428
2024-08-30 15:45:06,253 - INFO - 类别: 0.0, 置信度: 0.9514126181602478
2024-08-30 15:45:06,254 - INFO - 最终的水表读数: 00109
2024-08-30 15:45:47,310 - INFO - 推理图片: 911004002084_20240103.jpg
2024-08-30 15:45:47,312 - INFO - 读取图片 911004002084_20240103.jpg 时间：0.0014119148254394531秒
2024-08-30 15:45:48,129 - INFO - YOLOv8检测时间：0.8166265487670898秒
2024-08-30 15:45:48,129 - INFO - 类别: 15.0, 置信度: 0.9607647657394409
2024-08-30 15:45:48,129 - INFO - 类别: 0.0, 置信度: 0.9473538398742676
2024-08-30 15:45:48,129 - INFO - 类别: 4.0, 置信度: 0.9436196684837341
2024-08-30 15:45:48,129 - INFO - 类别: 0.0, 置信度: 0.9377857446670532
2024-08-30 15:45:48,129 - INFO - 类别: 19.0, 置信度: 0.9356656074523926
2024-08-30 15:45:48,129 - INFO - 最终的水表读数: 002710
2024-08-30 15:52:46,955 - INFO - 推理图片: 911004002084_20240103.jpg
2024-08-30 15:52:46,957 - INFO - 读取图片 911004002084_20240103.jpg 时间：0.0014109611511230469秒
2024-08-30 15:52:47,822 - INFO - YOLOv8检测时间：0.8652017116546631秒
2024-08-30 15:52:47,822 - INFO - 类别: 15.0, 置信度: 0.9607647657394409
2024-08-30 15:52:47,822 - INFO - 类别: 0.0, 置信度: 0.9473538398742676
2024-08-30 15:52:47,822 - INFO - 类别: 4.0, 置信度: 0.9436196684837341
2024-08-30 15:52:47,822 - INFO - 类别: 0.0, 置信度: 0.9377857446670532
2024-08-30 15:52:47,822 - INFO - 类别: 19.0, 置信度: 0.9356656074523926
2024-08-30 15:52:47,822 - INFO - 最终的水表读数: 00270
2024-08-30 15:56:37,479 - INFO - 推理图片: 911004002084_20240103.jpg
2024-08-30 15:56:37,480 - INFO - 读取图片 911004002084_20240103.jpg 时间：0.001360177993774414秒
2024-08-30 15:56:38,316 - INFO - YOLOv8检测时间：0.8354508876800537秒
2024-08-30 15:56:38,316 - INFO - 类别: 15.0, 置信度: 0.9607647657394409
2024-08-30 15:56:38,316 - INFO - 类别: 0.0, 置信度: 0.9473538398742676
2024-08-30 15:56:38,316 - INFO - 类别: 4.0, 置信度: 0.9436196684837341
2024-08-30 15:56:38,316 - INFO - 类别: 0.0, 置信度: 0.9377857446670532
2024-08-30 15:56:38,316 - INFO - 类别: 19.0, 置信度: 0.9356656074523926
2024-08-30 15:56:38,316 - INFO - 最终的水表读数: 00280
2024-08-30 15:57:10,533 - INFO - 推理图片: 911004002113_20240123.jpg
2024-08-30 15:57:10,534 - INFO - 读取图片 911004002113_20240123.jpg 时间：0.0014100074768066406秒
2024-08-30 15:57:11,347 - INFO - YOLOv8检测时间：0.8124043941497803秒
2024-08-30 15:57:11,347 - INFO - 类别: 11.0, 置信度: 0.9534814953804016
2024-08-30 15:57:11,347 - INFO - 类别: 16.0, 置信度: 0.9513800144195557
2024-08-30 15:57:11,347 - INFO - 类别: 2.0, 置信度: 0.9452064633369446
2024-08-30 15:57:11,347 - INFO - 类别: 0.0, 置信度: 0.9402588605880737
2024-08-30 15:57:11,347 - INFO - 类别: 0.0, 置信度: 0.9266969561576843
2024-08-30 15:57:11,347 - INFO - 最终的水表读数: 01805
2024-08-30 16:01:11,880 - INFO - 推理图片: 911004002113_20240123.jpg
2024-08-30 16:01:11,881 - INFO - 读取图片 911004002113_20240123.jpg 时间：0.0014393329620361328秒
2024-08-30 16:01:12,698 - INFO - YOLOv8检测时间：0.8170437812805176秒
2024-08-30 16:01:12,699 - INFO - 类别: 11.0, 置信度: 0.9534814953804016
2024-08-30 16:01:12,701 - INFO - 类别: 16.0, 置信度: 0.9513800144195557
2024-08-30 16:01:12,701 - INFO - 类别: 2.0, 置信度: 0.9452064633369446
2024-08-30 16:01:12,701 - INFO - 类别: 0.0, 置信度: 0.9402588605880737
2024-08-30 16:01:12,701 - INFO - 类别: 0.0, 置信度: 0.9266969561576843
2024-08-30 16:01:12,702 - INFO - 最终的水表读数: 01806
2024-08-30 16:01:35,016 - INFO - 推理图片: 911004002134_20240126.jpg
2024-08-30 16:01:35,018 - INFO - 读取图片 911004002134_20240126.jpg 时间：0.0014796257019042969秒
2024-08-30 16:01:35,831 - INFO - YOLOv8检测时间：0.8128221035003662秒
2024-08-30 16:01:35,831 - INFO - 类别: 15.0, 置信度: 0.9618300199508667
2024-08-30 16:01:35,831 - INFO - 类别: 19.0, 置信度: 0.9502546787261963
2024-08-30 16:01:35,831 - INFO - 类别: 2.0, 置信度: 0.9477199912071228
2024-08-30 16:01:35,831 - INFO - 类别: 19.0, 置信度: 0.9443244934082031
2024-08-30 16:01:35,831 - INFO - 类别: 0.0, 置信度: 0.943198561668396
2024-08-30 16:01:35,831 - INFO - 最终的水表读数: 01800
